<?xml version="1.0" encoding="UTF-8"?><testsuite errors="1" failures="0" name="Academy Choucair" skipped="0" tests="1" time="1.22" timestamp="2021-08-30 07:12:54"><testcase name="Search for a automation course"><error type="java.lang.NullPointerException"/><system-err>null&#13;
co.com.choucair.certification.academy.tasks.OpenUp.thePage(OpenUp.java:17)&#13;
co.com.choucair.certification.academy.stepdefinitions.ChoucairAcademyStepDefinitions.thanBrandoWantsToLearnAutomationAtTheAcademyChoucair(ChoucairAcademyStepDefinitions.java:28)&#13;
✽.than brando wants to learn automation at the academy Choucair(src/test/resources/features/academyChoucair.feature:8)&#13;
</system-err></testcase></testsuite>